<?xml version="1.0" encoding="UTF-8"?>
<!-- Generated by org.testng.reporters.JUnitReportReporter -->
<testsuite hostname="Salman" failures="0" tests="6" name="com.para.bank.testcase.ParaBankRegisterDemo" time="17.185" errors="0" timestamp="2023-07-18T11:46:02 IST" skipped="0">
  <testcase classname="com.para.bank.testcase.ParaBankRegisterDemo" name="launchApplication" time="12.657"/>
  <system-out>
    <![CDATA[Application is Launched]]>
  </system-out>
  <testcase classname="com.para.bank.testcase.ParaBankRegisterDemo" name="navigateToRegisterDemoScreen" time="0.929"/>
  <system-out>
    <![CDATA[Register button clicked successfully]]>
  </system-out>
  <testcase classname="com.para.bank.testcase.ParaBankRegisterDemo" name="registerUser" time="2.188"/>
  <system-out>
    <![CDATA[Actual and expected title are same
The title of the page is Signing up is easy!
First name is displayed
First name value is mohammad
Last name is displayed
Last name value is Salman
Address line is displayed
Address line value is 14 Avenue
City name is displayed
City name is Noida
State name is displayed
City name is Uttar Pradesh
Zip Code  is displayed
Zip Code  is 232101
Phone number is displayed
Phone number is 7766543210
SSN number is displayed
SSN number is 123456
Username is displayed
Username is ggfhrtgft
Password is displayed
Password is acgfdret
Confirm Password is displayed
Confirm Password is acgfdret
Register Button is enabled]]>
  </system-out>
  <testcase classname="com.para.bank.testcase.ParaBankRegisterDemo" name="validateSuccessfulMessage" time="0.026"/>
  <system-out>
    <![CDATA[Your account was created successfully. You are now logged in.
Actual and expected validation message are same]]>
  </system-out>
  <testcase classname="com.para.bank.testcase.ParaBankRegisterDemo" name="logoutUser" time="1.117"/>
  <system-out>
    <![CDATA[Clicked logout link successfully]]>
  </system-out>
  <testcase classname="com.para.bank.testcase.ParaBankRegisterDemo" name="closedApplication" time="0.268"/>
  <system-out>
    <![CDATA[Application is closed]]>
  </system-out>
</testsuite> <!-- com.para.bank.testcase.ParaBankRegisterDemo -->
